[2025-07-01T06:40:24.728341300] Viewed all books
[2025-07-01T06:40:38.084942400] Sorted by: 1984
[2025-07-01T06:41:02.864644600] Sorted by: George Orwell
[2025-07-01T06:41:24.440048100] Sorted by: 1949
[2025-07-01T06:41:38.996473700] Search for: 1984
[2025-07-01T06:46:16.485951300] Sorted by: 1949
[2025-07-01T06:46:47.105339400] Search for: 1984
[2025-07-01T06:47:59.418580400] Viewed all books
[2025-07-01T06:48:20.954101900] Sorted by: 1984
[2025-07-01T06:48:26.597131100] Viewed all books
[2025-07-01T06:48:43.792134800] Sorted by: To Kill a Mockingbird
[2025-07-01T06:48:46.962320900] Viewed all books
[2025-07-01T06:49:07.355027600] Sorted by: 1925
[2025-07-01T06:49:17.340087100] Viewed all books
[2025-07-01T06:49:54.124062300] Sorted by: Harper Lee
[2025-07-01T06:49:59.175384300] Viewed all books
[2025-07-01T06:54:30.161445600] Viewed all books
[2025-07-01T06:54:45.197836600] Sorted by: F. Scott Fitzgerald
[2025-07-01T06:54:50.872296300] Viewed all books
[2025-07-01T06:55:14.925924900] Sorted by: 1960
[2025-07-01T06:55:18.578587200] Viewed all books
[2025-07-01T06:55:32.858461300] Program started and menu displayed.
[2025-07-01T06:55:32.859481900] Viewed all books.
[2025-07-01T06:55:32.860463800] Sorted books by title.
[2025-07-01T06:56:40.971062200] Viewed all books
[2025-07-01T06:56:54.054462] Sorted by: 1984
[2025-07-01T06:56:56.611320300] Viewed all books
[2025-07-01T06:57:15.609211600] Sorted by: F. Scott Fitzgerald
[2025-07-01T06:57:17.573630300] Viewed all books
[2025-07-01T06:57:35.011467200] Sorted by: Harper Lee
[2025-07-01T06:57:37.044261900] Viewed all books
[2025-07-01T06:57:59.692476900] Sorted by: George Orwell
[2025-07-01T06:58:02.635019300] Viewed all books
[2025-07-01T06:58:21.151065800] Sorted by: 1949
[2025-07-01T06:58:24.936538500] Viewed all books
